#
# A fatal error has been detected by the Java Runtime Environment:
#
#  SIGSEGV (0xb) at pc=0x00007fffc01f20a2, pid=3156, tid=0x0000000000005503
#
# JRE version: Java(TM) SE Runtime Environment (8.0_101-b13) (build 1.8.0_101-b13)
# Java VM: Java HotSpot(TM) 64-Bit Server VM (25.101-b13 mixed mode bsd-amd64 compressed oops)
# Problematic frame:
# C  [libsystem_platform.dylib+0x20a2]  _platform_memmove$VARIANT$Nehalem+0xc2
#
# Failed to write core dump. Core dumps have been disabled. To enable core dumping, try "ulimit -c unlimited" before starting Java again
#
# If you would like to submit a bug report, please visit:
#   http://bugreport.java.com/bugreport/crash.jsp
# The crash happened outside the Java Virtual Machine in native code.
# See problematic frame for where to report the bug.
#

---------------  T H R E A D  ---------------

Current thread (0x00007f7f6a9fb800):  JavaThread "ContainerBackgroundProcessor[StandardEngine[Tomcat]]" daemon [_thread_in_native, id=21763, stack(0x00007000082ad000,0x00007000083ad000)]

siginfo: si_signo: 11 (SIGSEGV), si_code: 1 (SEGV_MAPERR), si_addr: 0x000000010edaa000

Registers:
RAX=0x00007f7f70785200, RBX=0x000000010eda4fb9, RCX=0x0000000000000010, RDX=0x0000000000004c08
RSP=0x00007000083ab6f0, RBP=0x00007000083ab6f0, RSI=0x000000010eda9ff7, RDI=0x00007f7f7078a210
R8 =0x0000000000009c59, R9 =0x00007f7f70785200, R10=0x0000000000000000, R11=0x00007f7e619e0219
R12=0x0000000068e690a4, R13=0x000000004914f231, R14=0x0000000021812ef3, R15=0x00000000000030f3
RIP=0x00007fffc01f20a2, EFLAGS=0x0000000000010202, ERR=0x0000000000000004
  TRAPNO=0x000000000000000e

Top of Stack: (sp=0x00007000083ab6f0)
0x00007000083ab6f0:   00007000083ab760 000000010519d006
0x00007000083ab700:   000000f3409848e0 0000000100000030
0x00007000083ab710:   000000000000cd79 00007f7f70785200
0x00007000083ab720:   0000000000009c58 00007f7f698c2430
0x00007000083ab730:   00007f7f71c3e3a0 0000000000000000
0x00007000083ab740:   0000000000000000 00007000083ab848
0x00007000083ab750:   00007f7f698c2430 00007f7f6a9fb800
0x00007000083ab760:   00007000083ab780 000000010519d441
0x00007000083ab770:   00007000083ab820 00007000083ab7d0
0x00007000083ab780:   00007000083ab790 000000010519c157
0x00007000083ab790:   00007000083ab7e0 0000000114397eb6
0x00007000083ab7a0:   00000007c00403f8 00000007c003fde8
0x00007000083ab7b0:   00000007c0052ed8 00000007c000e928
0x00007000083ab7c0:   00000007c00405f0 00000007b24a73a8
0x00007000083ab7d0:   0000000740001ea8 00000001f3e89d50
0x00007000083ab7e0:   0000000000000007 000000011451bd3c
0x00007000083ab7f0:   000000079f44eb90 000000079f44eba8
0x00007000083ab800:   00000000f6494e75 00000007b24a73a8
0x00007000083ab810:   00000007b24a73a8 00000001137be040
0x00007000083ab820:   000000199f1caa09 00000001137be2bd
0x00007000083ab830:   00007000083ab890 00000001137be114
0x00007000083ab840:   00000001137be114 000000079f44eb90
0x00007000083ab850:   00007000083ab850 000000012d46a982
0x00007000083ab860:   00007000083ab8d8 000000012d4718d0
0x00007000083ab870:   0000000000000000 000000012d46aac0
0x00007000083ab880:   00007000083ab848 00007000083ab8d0
0x00007000083ab890:   00007000083ab920 00000001137be2bd
0x00007000083ab8a0:   0000000000000000 0000000000000000
0x00007000083ab8b0:   0000000000000000 000000079f44eb90
0x00007000083ab8c0:   00000007b24a73a8 000000079f44e440
0x00007000083ab8d0:   000000079f44d378 000000079f44cd00
0x00007000083ab8e0:   00007000083ab8e0 000000012d46abaf 

Instructions: (pc=0x00007fffc01f20a2)
0x00007fffc01f2082:   00 00 76 6a 48 f7 c6 0f 00 00 00 74 31 0f 29 0f
0x00007fffc01f2092:   0f 29 57 10 0f 29 5f 20 0f 29 67 30 48 83 c7 40
0x00007fffc01f20a2:   0f 10 0e 0f 10 56 10 0f 10 5e 20 0f 10 66 30 48
0x00007fffc01f20b2:   83 c6 40 48 83 ea 40 77 d4 eb 33 0f 1f 00 0f 29 

Register to memory mapping:

RAX=0x00007f7f70785200 is an unknown value
RBX=0x000000010eda4fb9 is an unknown value
RCX=0x0000000000000010 is an unknown value
RDX=0x0000000000004c08 is an unknown value
RSP=0x00007000083ab6f0 is pointing into the stack for thread: 0x00007f7f6a9fb800
RBP=0x00007000083ab6f0 is pointing into the stack for thread: 0x00007f7f6a9fb800
RSI=0x000000010eda9ff7 is an unknown value
RDI=0x00007f7f7078a210 is an unknown value
R8 =0x0000000000009c59 is an unknown value
R9 =0x00007f7f70785200 is an unknown value
R10=0x0000000000000000 is an unknown value
R11=0x00007f7e619e0219 is an unknown value
R12=0x0000000068e690a4 is an unknown value
R13=0x000000004914f231 is an unknown value
R14=0x0000000021812ef3 is an unknown value
R15=0x00000000000030f3 is an unknown value


Stack: [0x00007000082ad000,0x00007000083ad000],  sp=0x00007000083ab6f0,  free space=1017k
Native frames: (J=compiled Java code, j=interpreted, Vv=VM code, C=native code)
C  [libsystem_platform.dylib+0x20a2]  _platform_memmove$VARIANT$Nehalem+0xc2
C  [libzip.dylib+0x3006]  newEntry+0x2c8
C  [libzip.dylib+0x3441]  ZIP_GetNextEntry+0x37
C  [libzip.dylib+0x2157]  Java_java_util_zip_ZipFile_getNextEntry+0xe
J 3617  java.util.zip.ZipFile.getNextEntry(JI)J (0 bytes) @ 0x0000000114397eb6 [0x0000000114397e00+0xb6]
J 3858 C2 java.util.jar.JarFile$JarEntryIterator.nextElement()Ljava/lang/Object; (5 bytes) @ 0x000000011451bd3c [0x000000011451bc40+0xfc]
j  org.nutz.resource.impl.JarResourceLocation.<init>(Ljava/net/URL;)V+74
j  org.nutz.resource.impl.JarResourceLocation.<init>(Ljava/lang/String;)V+15
j  org.nutz.resource.impl.ResourceLocation.jar(Ljava/lang/String;)Lorg/nutz/resource/impl/ResourceLocation;+5
j  org.nutz.resource.Scans.makeResourceLocation(Ljava/net/URL;)Lorg/nutz/resource/impl/ResourceLocation;+64
j  org.nutz.resource.Scans.scan(Ljava/lang/String;Ljava/lang/String;)Ljava/util/List;+259
j  org.nutz.resource.Scans.loadResource(Ljava/lang/String;[Ljava/lang/String;)Ljava/util/List;+38
j  org.nutz.ioc.loader.json.JsonLoader.<init>([Ljava/lang/String;)V+21
j  org.nutz.plugins.weixin.WeixinIocLoader.<init>()V+10
j  org.nutz.plugins.weixin.WeixinIocLoader$FC$62febe830a4a6764c634d9e263964cee.invoke(Ljava/lang/Object;[Ljava/lang/Object;)Ljava/lang/Object;+4
j  org.nutz.lang.born.AbstractConstructorBorning.call([Ljava/lang/Object;)Ljava/lang/Object;+30
j  org.nutz.lang.born.EmptyArgsConstructorBorning.born([Ljava/lang/Object;)Ljava/lang/Object;+5
j  org.nutz.lang.born.BornContext.doBorn()Ljava/lang/Object;+8
j  org.nutz.lang.Mirror.born([Ljava/lang/Object;)Ljava/lang/Object;+66
j  org.nutz.ioc.loader.combo.ComboIocLoader.createIocLoader(Ljava/lang/String;Ljava/util/List;)V+261
j  org.nutz.ioc.loader.combo.ComboIocLoader.<init>([Ljava/lang/String;)V+211
j  org.nutz.mvc.ioc.provider.ComboIocProvider.create(Lorg/nutz/mvc/NutConfig;[Ljava/lang/String;)Lorg/nutz/ioc/Ioc;+57
j  org.nutz.mvc.impl.NutLoading.createIoc(Lorg/nutz/mvc/NutConfig;Ljava/lang/Class;)Lorg/nutz/ioc/Ioc;+102
j  org.nutz.mvc.impl.NutLoading.load(Lorg/nutz/mvc/NutConfig;)Lorg/nutz/mvc/UrlMapping;+438
j  org.nutz.mvc.ActionHandler.<init>(Lorg/nutz/mvc/NutConfig;)V+25
j  org.nutz.mvc.NutFilter._init(Ljavax/servlet/FilterConfig;)V+147
j  org.nutz.mvc.NutFilter.init(Ljavax/servlet/FilterConfig;)V+22
j  com.huolihuoshan.backend.BackendNutFilter.init(Ljavax/servlet/FilterConfig;)V+2
j  org.apache.catalina.core.ApplicationFilterConfig.initFilter()V+99
J 7973 C1 org.apache.catalina.core.ApplicationFilterConfig.getFilter()Ljavax/servlet/Filter; (46 bytes) @ 0x0000000114d53564 [0x0000000114d531a0+0x3c4]
j  org.apache.catalina.core.ApplicationFilterConfig.<init>(Lorg/apache/catalina/Context;Lorg/apache/catalina/deploy/FilterDef;)V+32
j  org.apache.catalina.core.StandardContext.filterStart()Z+141
j  org.apache.catalina.core.StandardContext.startInternal()V+1279
J 12406 C1 org.apache.catalina.util.LifecycleBase.start()V (320 bytes) @ 0x0000000115a212f4 [0x0000000115a1f680+0x1c74]
j  org.apache.catalina.core.StandardContext.reload()V+120
J 8827 C2 org.apache.catalina.core.ContainerBase.backgroundProcess()V (266 bytes) @ 0x0000000114f995d4 [0x0000000114f991a0+0x434]
J 8825 C2 org.apache.catalina.core.ContainerBase$ContainerBackgroundProcessor.processChildren(Lorg/apache/catalina/Container;Ljava/lang/ClassLoader;)V (125 bytes) @ 0x0000000114f92dcc [0x0000000114f92bc0+0x20c]
J 8825 C2 org.apache.catalina.core.ContainerBase$ContainerBackgroundProcessor.processChildren(Lorg/apache/catalina/Container;Ljava/lang/ClassLoader;)V (125 bytes) @ 0x0000000114f93124 [0x0000000114f92bc0+0x564]
j  org.apache.catalina.core.ContainerBase$ContainerBackgroundProcessor.run()V+81
j  java.lang.Thread.run()V+11
v  ~StubRoutines::call_stub
V  [libjvm.dylib+0x2ecf06]  JavaCalls::call_helper(JavaValue*, methodHandle*, JavaCallArguments*, Thread*)+0x6ae
V  [libjvm.dylib+0x2ed694]  JavaCalls::call_virtual(JavaValue*, KlassHandle, Symbol*, Symbol*, JavaCallArguments*, Thread*)+0x164
V  [libjvm.dylib+0x2ed840]  JavaCalls::call_virtual(JavaValue*, Handle, KlassHandle, Symbol*, Symbol*, Thread*)+0x4a
V  [libjvm.dylib+0x348029]  thread_entry(JavaThread*, Thread*)+0x7c
V  [libjvm.dylib+0x5695ab]  JavaThread::thread_main_inner()+0x9b
V  [libjvm.dylib+0x56ac98]  JavaThread::run()+0x1c2
V  [libjvm.dylib+0x48933a]  java_start(Thread*)+0xf6
C  [libsystem_pthread.dylib+0x393b]  _pthread_body+0xb4
C  [libsystem_pthread.dylib+0x3887]  _pthread_body+0x0
C  [libsystem_pthread.dylib+0x308d]  thread_start+0xd
C  0x0000000000000000

Java frames: (J=compiled Java code, j=interpreted, Vv=VM code)
J 3617  java.util.zip.ZipFile.getNextEntry(JI)J (0 bytes) @ 0x0000000114397e44 [0x0000000114397e00+0x44]
J 3858 C2 java.util.jar.JarFile$JarEntryIterator.nextElement()Ljava/lang/Object; (5 bytes) @ 0x000000011451bd3c [0x000000011451bc40+0xfc]
j  org.nutz.resource.impl.JarResourceLocation.<init>(Ljava/net/URL;)V+74
j  org.nutz.resource.impl.JarResourceLocation.<init>(Ljava/lang/String;)V+15
j  org.nutz.resource.impl.ResourceLocation.jar(Ljava/lang/String;)Lorg/nutz/resource/impl/ResourceLocation;+5
j  org.nutz.resource.Scans.makeResourceLocation(Ljava/net/URL;)Lorg/nutz/resource/impl/ResourceLocation;+64
j  org.nutz.resource.Scans.scan(Ljava/lang/String;Ljava/lang/String;)Ljava/util/List;+259
j  org.nutz.resource.Scans.loadResource(Ljava/lang/String;[Ljava/lang/String;)Ljava/util/List;+38
j  org.nutz.ioc.loader.json.JsonLoader.<init>([Ljava/lang/String;)V+21
j  org.nutz.plugins.weixin.WeixinIocLoader.<init>()V+10
j  org.nutz.plugins.weixin.WeixinIocLoader$FC$62febe830a4a6764c634d9e263964cee.invoke(Ljava/lang/Object;[Ljava/lang/Object;)Ljava/lang/Object;+4
j  org.nutz.lang.born.AbstractConstructorBorning.call([Ljava/lang/Object;)Ljava/lang/Object;+30
j  org.nutz.lang.born.EmptyArgsConstructorBorning.born([Ljava/lang/Object;)Ljava/lang/Object;+5
j  org.nutz.lang.born.BornContext.doBorn()Ljava/lang/Object;+8
j  org.nutz.lang.Mirror.born([Ljava/lang/Object;)Ljava/lang/Object;+66
j  org.nutz.ioc.loader.combo.ComboIocLoader.createIocLoader(Ljava/lang/String;Ljava/util/List;)V+261
j  org.nutz.ioc.loader.combo.ComboIocLoader.<init>([Ljava/lang/String;)V+211
j  org.nutz.mvc.ioc.provider.ComboIocProvider.create(Lorg/nutz/mvc/NutConfig;[Ljava/lang/String;)Lorg/nutz/ioc/Ioc;+57
j  org.nutz.mvc.impl.NutLoading.createIoc(Lorg/nutz/mvc/NutConfig;Ljava/lang/Class;)Lorg/nutz/ioc/Ioc;+102
j  org.nutz.mvc.impl.NutLoading.load(Lorg/nutz/mvc/NutConfig;)Lorg/nutz/mvc/UrlMapping;+438
j  org.nutz.mvc.ActionHandler.<init>(Lorg/nutz/mvc/NutConfig;)V+25
j  org.nutz.mvc.NutFilter._init(Ljavax/servlet/FilterConfig;)V+147
j  org.nutz.mvc.NutFilter.init(Ljavax/servlet/FilterConfig;)V+22
j  com.huolihuoshan.backend.BackendNutFilter.init(Ljavax/servlet/FilterConfig;)V+2
j  org.apache.catalina.core.ApplicationFilterConfig.initFilter()V+99
J 7973 C1 org.apache.catalina.core.ApplicationFilterConfig.getFilter()Ljavax/servlet/Filter; (46 bytes) @ 0x0000000114d53564 [0x0000000114d531a0+0x3c4]
j  org.apache.catalina.core.ApplicationFilterConfig.<init>(Lorg/apache/catalina/Context;Lorg/apache/catalina/deploy/FilterDef;)V+32
j  org.apache.catalina.core.StandardContext.filterStart()Z+141
j  org.apache.catalina.core.StandardContext.startInternal()V+1279
J 12406 C1 org.apache.catalina.util.LifecycleBase.start()V (320 bytes) @ 0x0000000115a212f4 [0x0000000115a1f680+0x1c74]
j  org.apache.catalina.core.StandardContext.reload()V+120
J 8827 C2 org.apache.catalina.core.ContainerBase.backgroundProcess()V (266 bytes) @ 0x0000000114f995d4 [0x0000000114f991a0+0x434]
J 8825 C2 org.apache.catalina.core.ContainerBase$ContainerBackgroundProcessor.processChildren(Lorg/apache/catalina/Container;Ljava/lang/ClassLoader;)V (125 bytes) @ 0x0000000114f92dcc [0x0000000114f92bc0+0x20c]
J 8825 C2 org.apache.catalina.core.ContainerBase$ContainerBackgroundProcessor.processChildren(Lorg/apache/catalina/Container;Ljava/lang/ClassLoader;)V (125 bytes) @ 0x0000000114f93124 [0x0000000114f92bc0+0x564]
j  org.apache.catalina.core.ContainerBase$ContainerBackgroundProcessor.run()V+81
j  java.lang.Thread.run()V+11
v  ~StubRoutines::call_stub

---------------  P R O C E S S  ---------------

Java Threads: ( => current thread )
  0x00007f7f6ae51000 JavaThread "Abandoned connection cleanup thread" daemon [_thread_blocked, id=37387, stack(0x000070000a107000,0x000070000a207000)]
  0x00007f7f7216b000 JavaThread "Abandoned connection cleanup thread" daemon [_thread_blocked, id=36875, stack(0x000070000a004000,0x000070000a104000)]
  0x00007f7f6c04e000 JavaThread "Abandoned connection cleanup thread" daemon [_thread_blocked, id=36363, stack(0x0000700009f01000,0x000070000a001000)]
  0x00007f7f6ca31000 JavaThread "Abandoned connection cleanup thread" daemon [_thread_blocked, id=35851, stack(0x0000700009dfe000,0x0000700009efe000)]
  0x00007f7f6d070800 JavaThread "Abandoned connection cleanup thread" daemon [_thread_blocked, id=14879, stack(0x0000700009cfb000,0x0000700009dfb000)]
  0x00007f7f7006f000 JavaThread "Abandoned connection cleanup thread" daemon [_thread_blocked, id=34827, stack(0x0000700009bf8000,0x0000700009cf8000)]
  0x00007f7f70620800 JavaThread "Abandoned connection cleanup thread" daemon [_thread_blocked, id=34327, stack(0x0000700006d6b000,0x0000700006e6b000)]
  0x00007f7f7055d000 JavaThread "Abandoned connection cleanup thread" daemon [_thread_blocked, id=33807, stack(0x0000700009af5000,0x0000700009bf5000)]
  0x00007f7f67a9e000 JavaThread "Abandoned connection cleanup thread" daemon [_thread_blocked, id=33315, stack(0x00007000099f2000,0x0000700009af2000)]
  0x00007f7f7038e000 JavaThread "Abandoned connection cleanup thread" daemon [_thread_blocked, id=32779, stack(0x00007000098ef000,0x00007000099ef000)]
  0x00007f7f6cb6f800 JavaThread "Abandoned connection cleanup thread" daemon [_thread_blocked, id=32267, stack(0x00007000097ec000,0x00007000098ec000)]
  0x00007f7f6d4cf000 JavaThread "Abandoned connection cleanup thread" daemon [_thread_blocked, id=31795, stack(0x00007000096e9000,0x00007000097e9000)]
  0x00007f7f69706000 JavaThread "Abandoned connection cleanup thread" daemon [_thread_blocked, id=31247, stack(0x00007000095e6000,0x00007000096e6000)]
  0x00007f7f702cd800 JavaThread "Abandoned connection cleanup thread" daemon [_thread_blocked, id=4379, stack(0x00007000094e3000,0x00007000095e3000)]
  0x00007f7f6876a800 JavaThread "Abandoned connection cleanup thread" daemon [_thread_blocked, id=30839, stack(0x00007000093e0000,0x00007000094e0000)]
  0x00007f7f6f478000 JavaThread "Abandoned connection cleanup thread" daemon [_thread_blocked, id=29979, stack(0x00007000092dd000,0x00007000093dd000)]
  0x00007f7f717e6800 JavaThread "Abandoned connection cleanup thread" daemon [_thread_blocked, id=29471, stack(0x00007000091da000,0x00007000092da000)]
  0x00007f7f6e231800 JavaThread "Abandoned connection cleanup thread" daemon [_thread_blocked, id=29015, stack(0x00007000090d7000,0x00007000091d7000)]
  0x00007f7f6a9a0800 JavaThread "Abandoned connection cleanup thread" daemon [_thread_blocked, id=20239, stack(0x0000700008bc8000,0x0000700008cc8000)]
  0x00007f7f6fd76000 JavaThread "Abandoned connection cleanup thread" daemon [_thread_blocked, id=19727, stack(0x00007000081aa000,0x00007000082aa000)]
  0x00007f7f6ffd7000 JavaThread "Abandoned connection cleanup thread" daemon [_thread_blocked, id=26383, stack(0x00007000080a7000,0x00007000081a7000)]
  0x00007f7f6a436800 JavaThread "Abandoned connection cleanup thread" daemon [_thread_blocked, id=21259, stack(0x0000700007d9e000,0x0000700007e9e000)]
  0x00007f7f67ff7800 JavaThread "Abandoned connection cleanup thread" daemon [_thread_blocked, id=20743, stack(0x0000700007c9b000,0x0000700007d9b000)]
  0x00007f7f696b1800 JavaThread "http-bio-9090-exec-10" daemon [_thread_blocked, id=28419, stack(0x0000700008fd4000,0x00007000090d4000)]
  0x00007f7f683f3000 JavaThread "http-bio-9090-exec-9" daemon [_thread_blocked, id=27907, stack(0x0000700008ed1000,0x0000700008fd1000)]
  0x00007f7f69426800 JavaThread "http-bio-9090-exec-8" daemon [_thread_blocked, id=27395, stack(0x0000700008dce000,0x0000700008ece000)]
  0x00007f7f69576000 JavaThread "http-bio-9090-exec-7" daemon [_thread_blocked, id=26883, stack(0x0000700008ccb000,0x0000700008dcb000)]
  0x00007f7f69148000 JavaThread "http-bio-9090-exec-6" daemon [_thread_blocked, id=25859, stack(0x0000700008ac5000,0x0000700008bc5000)]
  0x00007f7f6e011800 JavaThread "http-bio-9090-exec-5" daemon [_thread_blocked, id=25347, stack(0x00007000089c2000,0x0000700008ac2000)]
  0x00007f7f6e010800 JavaThread "http-bio-9090-exec-4" daemon [_thread_blocked, id=24835, stack(0x00007000088bf000,0x00007000089bf000)]
  0x00007f7f68212000 JavaThread "http-bio-9090-exec-3" daemon [_thread_blocked, id=24323, stack(0x00007000087bc000,0x00007000088bc000)]
  0x00007f7f68507800 JavaThread "http-bio-9090-exec-2" daemon [_thread_blocked, id=23811, stack(0x00007000086b9000,0x00007000087b9000)]
  0x00007f7f68444800 JavaThread "http-bio-9090-exec-1" daemon [_thread_blocked, id=23299, stack(0x00007000085b6000,0x00007000086b6000)]
  0x00007f7f6b4c5800 JavaThread "http-bio-9090-AsyncTimeout" daemon [_thread_blocked, id=22787, stack(0x00007000084b3000,0x00007000085b3000)]
  0x00007f7f6a554800 JavaThread "http-bio-9090-Acceptor-0" daemon [_thread_in_native, id=22275, stack(0x00007000083b0000,0x00007000084b0000)]
=>0x00007f7f6a9fb800 JavaThread "ContainerBackgroundProcessor[StandardEngine[Tomcat]]" daemon [_thread_in_native, id=21763, stack(0x00007000082ad000,0x00007000083ad000)]
  0x00007f7f6cd65800 JavaThread "Abandoned connection cleanup thread" daemon [_thread_blocked, id=3847, stack(0x0000700007fa4000,0x00007000080a4000)]
  0x00007f7f696b3000 JavaThread "Thread-2" daemon [_thread_in_native, id=4871, stack(0x0000700007ea1000,0x0000700007fa1000)]
  0x00007f7f6908f000 JavaThread "Service Thread" daemon [_thread_blocked, id=18691, stack(0x0000700007a95000,0x0000700007b95000)]
  0x00007f7f6780c800 JavaThread "C1 CompilerThread2" daemon [_thread_blocked, id=18179, stack(0x0000700007992000,0x0000700007a92000)]
  0x00007f7f68042800 JavaThread "C2 CompilerThread1" daemon [_thread_in_native, id=17667, stack(0x000070000788f000,0x000070000798f000)]
  0x00007f7f68041000 JavaThread "C2 CompilerThread0" daemon [_thread_in_native, id=17155, stack(0x000070000778c000,0x000070000788c000)]
  0x00007f7f6800e000 JavaThread "Signal Dispatcher" daemon [_thread_blocked, id=16643, stack(0x0000700007689000,0x0000700007789000)]
  0x00007f7f6802a000 JavaThread "Finalizer" daemon [_thread_blocked, id=12547, stack(0x0000700007586000,0x0000700007686000)]
  0x00007f7f68024000 JavaThread "Reference Handler" daemon [_thread_blocked, id=12035, stack(0x0000700007483000,0x0000700007583000)]
  0x00007f7f69002800 JavaThread "main" [_thread_blocked, id=7171, stack(0x0000700006e71000,0x0000700006f71000)]

Other Threads:
  0x00007f7f68023000 VMThread [stack: 0x0000700007380000,0x0000700007480000] [id=11523]
  0x00007f7f69098000 WatcherThread [stack: 0x0000700007b98000,0x0000700007c98000] [id=19203]

VM state:not at safepoint (normal execution)

VM Mutex/Monitor currently owned by a thread: None

Heap:
 PSYoungGen      total 556544K, used 249098K [0x0000000795580000, 0x00000007c0000000, 0x00000007c0000000)
  eden space 472576K, 35% used [0x0000000795580000,0x000000079f71ac80,0x00000007b2300000)
  from space 83968K, 99% used [0x00000007b2300000,0x00000007b74a7cc8,0x00000007b7500000)
  to   space 115200K, 0% used [0x00000007b8f80000,0x00000007b8f80000,0x00000007c0000000)
 ParOldGen       total 196096K, used 65790K [0x0000000740000000, 0x000000074bf80000, 0x0000000795580000)
  object space 196096K, 33% used [0x0000000740000000,0x000000074403fb48,0x000000074bf80000)
 Metaspace       used 267919K, capacity 270468K, committed 271232K, reserved 1282048K
  class space    used 37084K, capacity 37909K, committed 38016K, reserved 1048576K

Card table byte_map: [0x0000000106d5d000,0x000000010715e000] byte_map_base: 0x000000010335d000

Marking Bits: (ParMarkBitMap*) 0x00000001062edd20
 Begin Bits: [0x0000000107409000, 0x0000000109409000)
 End Bits:   [0x0000000109409000, 0x000000010b409000)

Polling page: 0x0000000105190000

CodeCache: size=245760Kb used=46376Kb max_used=46376Kb free=199383Kb
 bounds [0x00000001137b6000, 0x0000000116566000, 0x00000001227b6000]
 total_blobs=13046 nmethods=12544 adapters=414
 compilation: enabled

Compilation events (10 events):
Event: 61660.454 Thread 0x00007f7f6780c800 15209       1       org.nutz.repo.org.objectweb.asm.commons.Method::getDescriptor (5 bytes)
Event: 61660.455 Thread 0x00007f7f6780c800 nmethod 15209 0x00000001163dd9d0 code [0x00000001163ddb20, 0x00000001163ddc30]
Event: 61660.457 Thread 0x00007f7f6780c800 15210       3       org.nutz.repo.org.objectweb.asm.Frame::execute (2252 bytes)
Event: 61660.463 Thread 0x00007f7f6780c800 nmethod 15210 0x00000001163dfd50 code [0x00000001163e0ac0, 0x00000001163e5f88]
Event: 61660.463 Thread 0x00007f7f6780c800 15211       3       org.nutz.lang.Strings::isBlank (44 bytes)
Event: 61660.463 Thread 0x00007f7f6780c800 nmethod 15211 0x00000001161bcb10 code [0x00000001161bcce0, 0x00000001161bd2b8]
Event: 61660.463 Thread 0x00007f7f6780c800 15212       3       org.nutz.lang.Strings::trim (133 bytes)
Event: 61660.463 Thread 0x00007f7f68042800 15213 % !   4       java.util.jar.Attributes::read @ 177 (380 bytes)
Event: 61660.464 Thread 0x00007f7f6780c800 nmethod 15212 0x0000000116544390 code [0x0000000116544600, 0x0000000116545368]
Event: 61660.488 Thread 0x00007f7f68041000 15214       4       org.codehaus.plexus.classworlds.realm.ClassRealm::toString (40 bytes)

GC Heap History (10 events):
Event: 61220.134 GC heap before
{Heap before GC invocations=36 (full 5):
 PSYoungGen      total 592384K, used 571358K [0x0000000795580000, 0x00000007c0000000, 0x00000007c0000000)
  eden space 494080K, 100% used [0x0000000795580000,0x00000007b3800000,0x00000007b3800000)
  from space 98304K, 78% used [0x00000007ba000000,0x00000007beb77a90,0x00000007c0000000)
  to   space 102400K, 0% used [0x00000007b3800000,0x00000007b3800000,0x00000007b9c00000)
 ParOldGen       total 196096K, used 65734K [0x0000000740000000, 0x000000074bf80000, 0x0000000795580000)
  object space 196096K, 33% used [0x0000000740000000,0x0000000744031b48,0x000000074bf80000)
 Metaspace       used 229052K, capacity 231134K, committed 231808K, reserved 1249280K
  class space    used 31646K, capacity 32336K, committed 32384K, reserved 1048576K
Event: 61220.179 GC heap after
Heap after GC invocations=36 (full 5):
 PSYoungGen      total 570880K, used 76288K [0x0000000795580000, 0x00000007c0000000, 0x00000007c0000000)
  eden space 494080K, 0% used [0x0000000795580000,0x0000000795580000,0x00000007b3800000)
  from space 76800K, 99% used [0x00000007b3800000,0x00000007b82802e8,0x00000007b8300000)
  to   space 104960K, 0% used [0x00000007b9980000,0x00000007b9980000,0x00000007c0000000)
 ParOldGen       total 196096K, used 65742K [0x0000000740000000, 0x000000074bf80000, 0x0000000795580000)
  object space 196096K, 33% used [0x0000000740000000,0x0000000744033b48,0x000000074bf80000)
 Metaspace       used 229052K, capacity 231134K, committed 231808K, reserved 1249280K
  class space    used 31646K, capacity 32336K, committed 32384K, reserved 1048576K
}
Event: 61232.740 GC heap before
{Heap before GC invocations=37 (full 5):
 PSYoungGen      total 570880K, used 570368K [0x0000000795580000, 0x00000007c0000000, 0x00000007c0000000)
  eden space 494080K, 100% used [0x0000000795580000,0x00000007b3800000,0x00000007b3800000)
  from space 76800K, 99% used [0x00000007b3800000,0x00000007b82802e8,0x00000007b8300000)
  to   space 104960K, 0% used [0x00000007b9980000,0x00000007b9980000,0x00000007c0000000)
 ParOldGen       total 196096K, used 65742K [0x0000000740000000, 0x000000074bf80000, 0x0000000795580000)
  object space 196096K, 33% used [0x0000000740000000,0x0000000744033b48,0x000000074bf80000)
 Metaspace       used 238294K, capacity 240484K, committed 241152K, reserved 1257472K
  class space    used 32944K, capacity 33669K, committed 33792K, reserved 1048576K
Event: 61232.792 GC heap after
Heap after GC invocations=37 (full 5):
 PSYoungGen      total 587776K, used 80016K [0x0000000795580000, 0x00000007c0000000, 0x00000007c0000000)
  eden space 482816K, 0% used [0x0000000795580000,0x0000000795580000,0x00000007b2d00000)
  from space 104960K, 76% used [0x00000007b9980000,0x00000007be7a41c8,0x00000007c0000000)
  to   space 108032K, 0% used [0x00000007b2d00000,0x00000007b2d00000,0x00000007b9680000)
 ParOldGen       total 196096K, used 65742K [0x0000000740000000, 0x000000074bf80000, 0x0000000795580000)
  object space 196096K, 33% used [0x0000000740000000,0x0000000744033b48,0x000000074bf80000)
 Metaspace       used 238294K, capacity 240484K, committed 241152K, reserved 1257472K
  class space    used 32944K, capacity 33669K, committed 33792K, reserved 1048576K
}
Event: 61455.339 GC heap before
{Heap before GC invocations=38 (full 5):
 PSYoungGen      total 587776K, used 562832K [0x0000000795580000, 0x00000007c0000000, 0x00000007c0000000)
  eden space 482816K, 100% used [0x0000000795580000,0x00000007b2d00000,0x00000007b2d00000)
  from space 104960K, 76% used [0x00000007b9980000,0x00000007be7a41c8,0x00000007c0000000)
  to   space 108032K, 0% used [0x00000007b2d00000,0x00000007b2d00000,0x00000007b9680000)
 ParOldGen       total 196096K, used 65742K [0x0000000740000000, 0x000000074bf80000, 0x0000000795580000)
  object space 196096K, 33% used [0x0000000740000000,0x0000000744033b48,0x000000074bf80000)
 Metaspace       used 247521K, capacity 249786K, committed 250624K, reserved 1265664K
  class space    used 34237K, capacity 34994K, committed 35072K, reserved 1048576K
Event: 61455.387 GC heap after
Heap after GC invocations=38 (full 5):
 PSYoungGen      total 564224K, used 80972K [0x0000000795580000, 0x00000007c0000000, 0x00000007c0000000)
  eden space 482816K, 0% used [0x0000000795580000,0x0000000795580000,0x00000007b2d00000)
  from space 81408K, 99% used [0x00000007b2d00000,0x00000007b7c131e0,0x00000007b7c80000)
  to   space 110592K, 0% used [0x00000007b9400000,0x00000007b9400000,0x00000007c0000000)
 ParOldGen       total 196096K, used 65750K [0x0000000740000000, 0x000000074bf80000, 0x0000000795580000)
  object space 196096K, 33% used [0x0000000740000000,0x0000000744035b48,0x000000074bf80000)
 Metaspace       used 247521K, capacity 249786K, committed 250624K, reserved 1265664K
  class space    used 34237K, capacity 34994K, committed 35072K, reserved 1048576K
}
Event: 61587.582 GC heap before
{Heap before GC invocations=39 (full 5):
 PSYoungGen      total 564224K, used 563788K [0x0000000795580000, 0x00000007c0000000, 0x00000007c0000000)
  eden space 482816K, 100% used [0x0000000795580000,0x00000007b2d00000,0x00000007b2d00000)
  from space 81408K, 99% used [0x00000007b2d00000,0x00000007b7c131e0,0x00000007b7c80000)
  to   space 110592K, 0% used [0x00000007b9400000,0x00000007b9400000,0x00000007c0000000)
 ParOldGen       total 196096K, used 65750K [0x0000000740000000, 0x000000074bf80000, 0x0000000795580000)
  object space 196096K, 33% used [0x0000000740000000,0x0000000744035b48,0x000000074bf80000)
 Metaspace       used 256734K, capacity 259152K, committed 259840K, reserved 1273856K
  class space    used 35530K, capacity 36319K, committed 36352K, reserved 1048576K
Event: 61587.636 GC heap after
Heap after GC invocations=39 (full 5):
 PSYoungGen      total 583168K, used 83719K [0x0000000795580000, 0x00000007c0000000, 0x00000007c0000000)
  eden space 472576K, 0% used [0x0000000795580000,0x0000000795580000,0x00000007b2300000)
  from space 110592K, 75% used [0x00000007b9400000,0x00000007be5c1f20,0x00000007c0000000)
  to   space 113152K, 0% used [0x00000007b2300000,0x00000007b2300000,0x00000007b9180000)
 ParOldGen       total 196096K, used 65758K [0x0000000740000000, 0x000000074bf80000, 0x0000000795580000)
  object space 196096K, 33% used [0x0000000740000000,0x0000000744037b48,0x000000074bf80000)
 Metaspace       used 256734K, capacity 259152K, committed 259840K, reserved 1273856K
  class space    used 35530K, capacity 36319K, committed 36352K, reserved 1048576K
}
Event: 61659.846 GC heap before
{Heap before GC invocations=40 (full 5):
 PSYoungGen      total 583168K, used 556295K [0x0000000795580000, 0x00000007c0000000, 0x00000007c0000000)
  eden space 472576K, 100% used [0x0000000795580000,0x00000007b2300000,0x00000007b2300000)
  from space 110592K, 75% used [0x00000007b9400000,0x00000007be5c1f20,0x00000007c0000000)
  to   space 113152K, 0% used [0x00000007b2300000,0x00000007b2300000,0x00000007b9180000)
 ParOldGen       total 196096K, used 65758K [0x0000000740000000, 0x000000074bf80000, 0x0000000795580000)
  object space 196096K, 33% used [0x0000000740000000,0x0000000744037b48,0x000000074bf80000)
 Metaspace       used 265951K, capacity 268454K, committed 269440K, reserved 1282048K
  class space    used 36823K, capacity 37644K, committed 37760K, reserved 1048576K
Event: 61659.920 GC heap after
Heap after GC invocations=40 (full 5):
 PSYoungGen      total 556544K, used 83615K [0x0000000795580000, 0x00000007c0000000, 0x00000007c0000000)
  eden space 472576K, 0% used [0x0000000795580000,0x0000000795580000,0x00000007b2300000)
  from space 83968K, 99% used [0x00000007b2300000,0x00000007b74a7cc8,0x00000007b7500000)
  to   space 115200K, 0% used [0x00000007b8f80000,0x00000007b8f80000,0x00000007c0000000)
 ParOldGen       total 196096K, used 65790K [0x0000000740000000, 0x000000074bf80000, 0x0000000795580000)
  object space 196096K, 33% used [0x0000000740000000,0x000000074403fb48,0x000000074bf80000)
 Metaspace       used 265951K, capacity 268454K, committed 269440K, reserved 1282048K
  class space    used 36823K, capacity 37644K, committed 37760K, reserved 1048576K
}

Deoptimization events (10 events):
Event: 61456.376 Thread 0x00007f7f6a9fb800 Uncommon trap: reason=unstable_if action=reinterpret pc=0x000000011641e754 method=org.nutz.repo.org.objectweb.asm.ByteVector.putShort(I)Lorg/nutz/repo/org/objectweb/asm/ByteVector; @ 13
Event: 61456.891 Thread 0x00007f7f6a9fb800 Uncommon trap: reason=unstable_if action=reinterpret pc=0x000000011642b628 method=org.nutz.repo.org.objectweb.asm.Type.getDescriptor(Ljava/lang/StringBuilder;Ljava/lang/Class;)V @ 104
Event: 61456.892 Thread 0x00007f7f6a9fb800 Uncommon trap: reason=unstable_if action=reinterpret pc=0x0000000116477078 method=org.nutz.repo.org.objectweb.asm.Type.getArgumentsAndReturnSizes(Ljava/lang/String;)I @ 41
Event: 61456.892 Thread 0x00007f7f6a9fb800 Uncommon trap: reason=unstable_if action=reinterpret pc=0x0000000116469c64 method=org.nutz.repo.org.objectweb.asm.Type.getArgumentsAndReturnSizes(Ljava/lang/String;)I @ 130
Event: 61588.626 Thread 0x00007f7f6a9fb800 Uncommon trap: reason=unstable_if action=reinterpret pc=0x00000001164cab94 method=org.nutz.repo.org.objectweb.asm.ByteVector.putShort(I)Lorg/nutz/repo/org/objectweb/asm/ByteVector; @ 13
Event: 61589.153 Thread 0x00007f7f6a9fb800 Uncommon trap: reason=unstable_if action=reinterpret pc=0x00000001164f0500 method=org.nutz.repo.org.objectweb.asm.Type.getDescriptor(Ljava/lang/StringBuilder;Ljava/lang/Class;)V @ 104
Event: 61589.155 Thread 0x00007f7f6a9fb800 Uncommon trap: reason=unstable_if action=reinterpret pc=0x0000000116532ff8 method=org.nutz.repo.org.objectweb.asm.Type.getArgumentsAndReturnSizes(Ljava/lang/String;)I @ 41
Event: 61589.155 Thread 0x00007f7f6a9fb800 Uncommon trap: reason=unstable_if action=reinterpret pc=0x0000000116527824 method=org.nutz.repo.org.objectweb.asm.Type.getArgumentsAndReturnSizes(Ljava/lang/String;)I @ 130
Event: 61659.318 Thread 0x00007f7f6a9fb800 Uncommon trap: reason=unstable_if action=reinterpret pc=0x0000000113f2c0a8 method=sun.net.www.protocol.jar.JarURLConnection.connect()V @ 75
Event: 61659.318 Thread 0x00007f7f6a9fb800 Uncommon trap: reason=unstable_if action=reinterpret pc=0x0000000114b3a174 method=org.apache.catalina.loader.WebappClassLoader.getResourceAsStream(Ljava/lang/String;)Ljava/io/InputStream; @ 253

Internal exceptions (10 events):
Event: 61588.656 Thread 0x00007f7f6a9fb800 Implicit null exception at 0x00000001164d30a4 to 0x00000001164d5d5b
Event: 61588.656 Thread 0x00007f7f6a9fb800 Exception <a 'java/lang/NullPointerException'> (0x00000007a3093fc0) thrown at [/HUDSON3/workspace/8-2-build-macosx-x86_64/jdk8u101/7261/hotspot/src/share/vm/runtime/sharedRuntime.cpp, line 605]
Event: 61659.302 Thread 0x00007f7f6cc82000 Exception <a 'java/lang/InterruptedException': sleep interrupted> (0x00000007a59dcd50) thrown at [/HUDSON3/workspace/8-2-build-macosx-x86_64/jdk8u101/7261/hotspot/src/share/vm/prims/jvm.cpp, line 3215]
Event: 61660.286 Thread 0x00007f7f6a9fb800 Exception <a 'java/io/FileNotFoundException'> (0x000000079e644408) thrown at [/HUDSON3/workspace/8-2-build-macosx-x86_64/jdk8u101/7261/hotspot/src/share/vm/prims/jni.cpp, line 709]
Event: 61660.308 Thread 0x00007f7f6a9fb800 Exception <a 'java/lang/ClassNotFoundException': org/apache/log4j/PatternLayoutBeanInfo> (0x000000079e7c3ea8) thrown at [/HUDSON3/workspace/8-2-build-macosx-x86_64/jdk8u101/7261/hotspot/src/share/vm/classfile/systemDictionary.cpp, line 210]
Event: 61660.309 Thread 0x00007f7f6a9fb800 Exception <a 'java/lang/ClassNotFoundException': org/apache/log4j/LayoutBeanInfo> (0x000000079e7d7f78) thrown at [/HUDSON3/workspace/8-2-build-macosx-x86_64/jdk8u101/7261/hotspot/src/share/vm/classfile/systemDictionary.cpp, line 210]
Event: 61660.309 Thread 0x00007f7f6a9fb800 Exception <a 'java/lang/ClassNotFoundException': java/lang/ObjectBeanInfo> (0x000000079e7e1a88) thrown at [/HUDSON3/workspace/8-2-build-macosx-x86_64/jdk8u101/7261/hotspot/src/share/vm/classfile/systemDictionary.cpp, line 210]
Event: 61660.309 Thread 0x00007f7f6a9fb800 Exception <a 'java/lang/ClassNotFoundException': java/lang/ObjectCustomizer> (0x000000079e7eb600) thrown at [/HUDSON3/workspace/8-2-build-macosx-x86_64/jdk8u101/7261/hotspot/src/share/vm/classfile/systemDictionary.cpp, line 210]
Event: 61660.310 Thread 0x00007f7f6a9fb800 Exception <a 'java/lang/ClassNotFoundException': org/apache/log4j/LayoutCustomizer> (0x000000079e803fe8) thrown at [/HUDSON3/workspace/8-2-build-macosx-x86_64/jdk8u101/7261/hotspot/src/share/vm/classfile/systemDictionary.cpp, line 210]
Event: 61660.311 Thread 0x00007f7f6a9fb800 Exception <a 'java/lang/ClassNotFoundException': org/apache/log4j/PatternLayoutCustomizer> (0x000000079e829820) thrown at [/HUDSON3/workspace/8-2-build-macosx-x86_64/jdk8u101/7261/hotspot/src/share/vm/classfile/systemDictionary.cpp, line 210]

Events (10 events):
Event: 61660.487 loading class org/nutz/plugins/weixin/WeixinIocLoader
Event: 61660.487 loading class org/nutz/plugins/weixin/WeixinIocLoader done
Event: 61660.488 loading class org/nutz/plugins/weixin/WeixinIocLoader$FC$62febe830a4a6764c634d9e263964cee
Event: 61660.488 loading class org/nutz/plugins/weixin/WeixinIocLoader$FC$62febe830a4a6764c634d9e263964cee done
Event: 61660.488 loading class org/nutz/plugins/weixin/WeixinIocLoader$FC$62febe830a4a6764c634d9e263964cee
Event: 61660.488 loading class org/nutz/plugins/weixin/WeixinIocLoader$FC$62febe830a4a6764c634d9e263964cee done
Event: 61660.488 loading class org/nutz/plugins/weixin/WeixinIocLoader$FC$62febe830a4a6764c634d9e263964cee
Event: 61660.488 loading class org/nutz/plugins/weixin/WeixinIocLoader$FC$62febe830a4a6764c634d9e263964cee done
Event: 61660.488 loading class org/nutz/plugins/weixin/WeixinIocLoader$FC$62febe830a4a6764c634d9e263964cee
Event: 61660.488 loading class org/nutz/plugins/weixin/WeixinIocLoader$FC$62febe830a4a6764c634d9e263964cee done


Dynamic libraries:
0x0000000034d52000 	/System/Library/Frameworks/Cocoa.framework/Versions/A/Cocoa
0x0000000034d52000 	/System/Library/Frameworks/Security.framework/Versions/A/Security
0x0000000034d52000 	/System/Library/Frameworks/ApplicationServices.framework/Versions/A/ApplicationServices
0x0000000034d52000 	/usr/lib/libz.1.dylib
0x0000000034d52000 	/usr/lib/libSystem.B.dylib
0x0000000034d52000 	/usr/lib/libobjc.A.dylib
0x0000000034d52000 	/System/Library/Frameworks/CoreFoundation.framework/Versions/A/CoreFoundation
0x0000000034d52000 	/System/Library/Frameworks/Foundation.framework/Versions/C/Foundation
0x0000000034d52000 	/System/Library/Frameworks/AppKit.framework/Versions/C/AppKit
0x0000000034d52000 	/System/Library/Frameworks/CoreData.framework/Versions/A/CoreData
0x0000000034d52000 	/System/Library/PrivateFrameworks/RemoteViewServices.framework/Versions/A/RemoteViewServices
0x0000000034d52000 	/System/Library/PrivateFrameworks/UIFoundation.framework/Versions/A/UIFoundation
0x0000000034d52000 	/System/Library/PrivateFrameworks/DFRFoundation.framework/Versions/A/DFRFoundation
0x0000000034d52000 	/usr/lib/libenergytrace.dylib
0x0000000034d52000 	/System/Library/PrivateFrameworks/SkyLight.framework/Versions/A/SkyLight
0x0000000034d52000 	/System/Library/Frameworks/CoreGraphics.framework/Versions/A/CoreGraphics
0x0000000034d52000 	/usr/lib/libScreenReader.dylib
0x0000000034d52000 	/System/Library/Frameworks/Accelerate.framework/Versions/A/Accelerate
0x0000000034d52000 	/System/Library/Frameworks/IOSurface.framework/Versions/A/IOSurface
0x0000000034d52000 	/System/Library/Frameworks/AudioToolbox.framework/Versions/A/AudioToolbox
0x0000000034d52000 	/System/Library/Frameworks/AudioUnit.framework/Versions/A/AudioUnit
0x0000000034d52000 	/System/Library/PrivateFrameworks/DataDetectorsCore.framework/Versions/A/DataDetectorsCore
0x0000000034d52000 	/System/Library/PrivateFrameworks/DesktopServicesPriv.framework/Versions/A/DesktopServicesPriv
0x0000000034d52000 	/System/Library/Frameworks/Carbon.framework/Versions/A/Frameworks/HIToolbox.framework/Versions/A/HIToolbox
0x0000000034d52000 	/usr/lib/libicucore.A.dylib
0x0000000034d52000 	/System/Library/Frameworks/QuartzCore.framework/Versions/A/QuartzCore
0x0000000034d52000 	/System/Library/Frameworks/Carbon.framework/Versions/A/Frameworks/SpeechRecognition.framework/Versions/A/SpeechRecognition
0x0000000034d52000 	/usr/lib/libauto.dylib
0x0000000034d52000 	/usr/lib/libxml2.2.dylib
0x0000000034d52000 	/System/Library/PrivateFrameworks/CoreUI.framework/Versions/A/CoreUI
0x0000000034d52000 	/System/Library/Frameworks/CoreAudio.framework/Versions/A/CoreAudio
0x0000000034d52000 	/System/Library/Frameworks/DiskArbitration.framework/Versions/A/DiskArbitration
0x0000000034d52000 	/usr/lib/liblangid.dylib
0x0000000034d52000 	/System/Library/PrivateFrameworks/MultitouchSupport.framework/Versions/A/MultitouchSupport
0x0000000034d52000 	/System/Library/Frameworks/IOKit.framework/Versions/A/IOKit
0x0000000034d52000 	/usr/lib/libDiagnosticMessagesClient.dylib
0x0000000034d52000 	/System/Library/Frameworks/CoreServices.framework/Versions/A/CoreServices
0x0000000034d52000 	/System/Library/PrivateFrameworks/PerformanceAnalysis.framework/Versions/A/PerformanceAnalysis
0x0000000034d52000 	/System/Library/PrivateFrameworks/GenerationalStorage.framework/Versions/A/GenerationalStorage
0x0000000034d52000 	/System/Library/Frameworks/OpenGL.framework/Versions/A/OpenGL
0x0000000034d52000 	/System/Library/Frameworks/CoreImage.framework/Versions/A/CoreImage
0x0000000034d52000 	/System/Library/Frameworks/CoreText.framework/Versions/A/CoreText
0x0000000034d52000 	/System/Library/Frameworks/ImageIO.framework/Versions/A/ImageIO
0x0000000034d52000 	/System/Library/PrivateFrameworks/Backup.framework/Versions/A/Backup
0x0000000034d52000 	/usr/lib/libarchive.2.dylib
0x0000000034d52000 	/System/Library/Frameworks/CFNetwork.framework/Versions/A/CFNetwork
0x0000000034d52000 	/System/Library/Frameworks/SystemConfiguration.framework/Versions/A/SystemConfiguration
0x0000000034d52000 	/usr/lib/libCRFSuite.dylib
0x0000000034d52000 	/usr/lib/libc++.1.dylib
0x0000000034d52000 	/usr/lib/libc++abi.dylib
0x0000000034d52000 	/usr/lib/system/libcache.dylib
0x0000000034d52000 	/usr/lib/system/libcommonCrypto.dylib
0x0000000034d52000 	/usr/lib/system/libcompiler_rt.dylib
0x0000000034d52000 	/usr/lib/system/libcopyfile.dylib
0x0000000034d52000 	/usr/lib/system/libcorecrypto.dylib
0x0000000034d52000 	/usr/lib/system/libdispatch.dylib
0x0000000034d52000 	/usr/lib/system/libdyld.dylib
0x0000000034d52000 	/usr/lib/system/libkeymgr.dylib
0x0000000034d52000 	/usr/lib/system/liblaunch.dylib
0x0000000034d52000 	/usr/lib/system/libmacho.dylib
0x0000000034d52000 	/usr/lib/system/libquarantine.dylib
0x0000000034d52000 	/usr/lib/system/libremovefile.dylib
0x0000000034d52000 	/usr/lib/system/libsystem_asl.dylib
0x0000000034d52000 	/usr/lib/system/libsystem_blocks.dylib
0x0000000034d52000 	/usr/lib/system/libsystem_c.dylib
0x0000000034d52000 	/usr/lib/system/libsystem_configuration.dylib
0x0000000034d52000 	/usr/lib/system/libsystem_coreservices.dylib
0x0000000034d52000 	/usr/lib/system/libsystem_coretls.dylib
0x0000000034d52000 	/usr/lib/system/libsystem_dnssd.dylib
0x0000000034d52000 	/usr/lib/system/libsystem_info.dylib
0x0000000034d52000 	/usr/lib/system/libsystem_kernel.dylib
0x0000000034d52000 	/usr/lib/system/libsystem_m.dylib
0x0000000034d52000 	/usr/lib/system/libsystem_malloc.dylib
0x0000000034d52000 	/usr/lib/system/libsystem_network.dylib
0x0000000034d52000 	/usr/lib/system/libsystem_networkextension.dylib
0x0000000034d52000 	/usr/lib/system/libsystem_notify.dylib
0x0000000034d52000 	/usr/lib/system/libsystem_platform.dylib
0x0000000034d52000 	/usr/lib/system/libsystem_pthread.dylib
0x0000000034d52000 	/usr/lib/system/libsystem_sandbox.dylib
0x0000000034d52000 	/usr/lib/system/libsystem_secinit.dylib
0x0000000034d52000 	/usr/lib/system/libsystem_symptoms.dylib
0x0000000034d52000 	/usr/lib/system/libsystem_trace.dylib
0x0000000034d52000 	/usr/lib/system/libunwind.dylib
0x0000000034d52000 	/usr/lib/system/libxpc.dylib
0x0000000034d52000 	/usr/lib/libbsm.0.dylib
0x0000000034d52000 	/usr/lib/system/libkxld.dylib
0x0000000034d52000 	/usr/lib/libcoretls.dylib
0x0000000034d52000 	/usr/lib/libcoretls_cfhelpers.dylib
0x0000000034d52000 	/usr/lib/libOpenScriptingUtil.dylib
0x0000000034d52000 	/usr/lib/libpam.2.dylib
0x0000000034d52000 	/usr/lib/libsqlite3.dylib
0x0000000034d52000 	/usr/lib/libxar.1.dylib
0x0000000034d52000 	/usr/lib/libbz2.1.0.dylib
0x0000000034d52000 	/usr/lib/liblzma.5.dylib
0x0000000034d52000 	/usr/lib/libnetwork.dylib
0x0000000034d52000 	/usr/lib/libpcap.A.dylib
0x0000000034d52000 	/System/Library/Frameworks/CoreServices.framework/Versions/A/Frameworks/FSEvents.framework/Versions/A/FSEvents
0x0000000034d52000 	/System/Library/Frameworks/CoreServices.framework/Versions/A/Frameworks/CarbonCore.framework/Versions/A/CarbonCore
0x0000000034d52000 	/System/Library/Frameworks/CoreServices.framework/Versions/A/Frameworks/Metadata.framework/Versions/A/Metadata
0x0000000034d52000 	/System/Library/Frameworks/CoreServices.framework/Versions/A/Frameworks/OSServices.framework/Versions/A/OSServices
0x0000000034d52000 	/System/Library/Frameworks/CoreServices.framework/Versions/A/Frameworks/SearchKit.framework/Versions/A/SearchKit
0x0000000034d52000 	/System/Library/Frameworks/CoreServices.framework/Versions/A/Frameworks/AE.framework/Versions/A/AE
0x0000000034d52000 	/System/Library/Frameworks/CoreServices.framework/Versions/A/Frameworks/LaunchServices.framework/Versions/A/LaunchServices
0x0000000034d52000 	/System/Library/Frameworks/CoreServices.framework/Versions/A/Frameworks/DictionaryServices.framework/Versions/A/DictionaryServices
0x0000000034d52000 	/System/Library/Frameworks/CoreServices.framework/Versions/A/Frameworks/SharedFileList.framework/Versions/A/SharedFileList
0x0000000034d52000 	/System/Library/Frameworks/NetFS.framework/Versions/A/NetFS
0x0000000034d52000 	/System/Library/PrivateFrameworks/NetAuth.framework/Versions/A/NetAuth
0x0000000034d52000 	/System/Library/PrivateFrameworks/login.framework/Versions/A/Frameworks/loginsupport.framework/Versions/A/loginsupport
0x0000000034d52000 	/System/Library/PrivateFrameworks/TCC.framework/Versions/A/TCC
0x0000000034d52000 	/usr/lib/libmecabra.dylib
0x0000000034d52000 	/System/Library/Frameworks/ApplicationServices.framework/Versions/A/Frameworks/ATS.framework/Versions/A/ATS
0x0000000034d52000 	/System/Library/Frameworks/ApplicationServices.framework/Versions/A/Frameworks/ColorSync.framework/Versions/A/ColorSync
0x0000000034d52000 	/System/Library/Frameworks/ApplicationServices.framework/Versions/A/Frameworks/HIServices.framework/Versions/A/HIServices
0x0000000034d52000 	/System/Library/Frameworks/ApplicationServices.framework/Versions/A/Frameworks/LangAnalysis.framework/Versions/A/LangAnalysis
0x0000000034d52000 	/System/Library/Frameworks/ApplicationServices.framework/Versions/A/Frameworks/PrintCore.framework/Versions/A/PrintCore
0x0000000034d52000 	/System/Library/Frameworks/ApplicationServices.framework/Versions/A/Frameworks/QD.framework/Versions/A/QD
0x0000000034d52000 	/System/Library/Frameworks/ApplicationServices.framework/Versions/A/Frameworks/SpeechSynthesis.framework/Versions/A/SpeechSynthesis
0x0000000034d52000 	/System/Library/Frameworks/Accelerate.framework/Versions/A/Frameworks/vImage.framework/Versions/A/vImage
0x0000000034d52000 	/System/Library/Frameworks/Accelerate.framework/Versions/A/Frameworks/vecLib.framework/Versions/A/vecLib
0x0000000034d52000 	/System/Library/Frameworks/Accelerate.framework/Versions/A/Frameworks/vecLib.framework/Versions/A/libvDSP.dylib
0x0000000034d52000 	/System/Library/Frameworks/Accelerate.framework/Versions/A/Frameworks/vecLib.framework/Versions/A/libBNNS.dylib
0x0000000034d52000 	/System/Library/Frameworks/Accelerate.framework/Versions/A/Frameworks/vecLib.framework/Versions/A/libQuadrature.dylib
0x0000000034d52000 	/System/Library/Frameworks/Accelerate.framework/Versions/A/Frameworks/vecLib.framework/Versions/A/libvMisc.dylib
0x0000000034d52000 	/System/Library/Frameworks/Accelerate.framework/Versions/A/Frameworks/vecLib.framework/Versions/A/libLAPACK.dylib
0x0000000034d52000 	/System/Library/Frameworks/Accelerate.framework/Versions/A/Frameworks/vecLib.framework/Versions/A/libBLAS.dylib
0x0000000034d52000 	/System/Library/Frameworks/Accelerate.framework/Versions/A/Frameworks/vecLib.framework/Versions/A/libLinearAlgebra.dylib
0x0000000034d52000 	/System/Library/Frameworks/Accelerate.framework/Versions/A/Frameworks/vecLib.framework/Versions/A/libSparseBLAS.dylib
0x0000000034d52000 	/System/Library/Frameworks/ApplicationServices.framework/Versions/A/Frameworks/ATS.framework/Versions/A/Resources/libFontParser.dylib
0x0000000034d52000 	/System/Library/Frameworks/ApplicationServices.framework/Versions/A/Frameworks/ATS.framework/Versions/A/Resources/libFontRegistry.dylib
0x0000000034d52000 	/System/Library/Frameworks/ImageIO.framework/Versions/A/Resources/libJPEG.dylib
0x0000000034d52000 	/System/Library/Frameworks/ImageIO.framework/Versions/A/Resources/libTIFF.dylib
0x0000000034d52000 	/System/Library/Frameworks/ImageIO.framework/Versions/A/Resources/libPng.dylib
0x0000000034d52000 	/System/Library/Frameworks/ImageIO.framework/Versions/A/Resources/libGIF.dylib
0x0000000034d52000 	/System/Library/Frameworks/ImageIO.framework/Versions/A/Resources/libJP2.dylib
0x0000000034d52000 	/System/Library/Frameworks/ImageIO.framework/Versions/A/Resources/libRadiance.dylib
0x0000000034d52000 	/usr/lib/libcompression.dylib
0x0000000034d52000 	/System/Library/PrivateFrameworks/AppleJPEG.framework/Versions/A/AppleJPEG
0x0000000034d52000 	/usr/lib/libcups.2.dylib
0x0000000034d52000 	/System/Library/Frameworks/Kerberos.framework/Versions/A/Kerberos
0x0000000034d52000 	/System/Library/Frameworks/GSS.framework/Versions/A/GSS
0x0000000034d52000 	/usr/lib/libresolv.9.dylib
0x0000000034d52000 	/usr/lib/libiconv.2.dylib
0x0000000034d52000 	/System/Library/PrivateFrameworks/Heimdal.framework/Versions/A/Heimdal
0x0000000034d52000 	/usr/lib/libheimdal-asn1.dylib
0x0000000034d52000 	/System/Library/Frameworks/OpenDirectory.framework/Versions/A/OpenDirectory
0x0000000034d52000 	/System/Library/PrivateFrameworks/CommonAuth.framework/Versions/A/CommonAuth
0x0000000034d52000 	/System/Library/Frameworks/OpenDirectory.framework/Versions/A/Frameworks/CFOpenDirectory.framework/Versions/A/CFOpenDirectory
0x0000000034d52000 	/System/Library/Frameworks/SecurityFoundation.framework/Versions/A/SecurityFoundation
0x0000000034d52000 	/System/Library/PrivateFrameworks/LanguageModeling.framework/Versions/A/LanguageModeling
0x0000000034d52000 	/usr/lib/libmarisa.dylib
0x0000000034d52000 	/usr/lib/libChineseTokenizer.dylib
0x0000000034d52000 	/usr/lib/libcmph.dylib
0x0000000034d52000 	/System/Library/PrivateFrameworks/CoreEmoji.framework/Versions/A/CoreEmoji
0x0000000034d52000 	/System/Library/Frameworks/ServiceManagement.framework/Versions/A/ServiceManagement
0x0000000034d52000 	/usr/lib/libxslt.1.dylib
0x0000000034d52000 	/System/Library/Frameworks/Carbon.framework/Versions/A/Frameworks/Ink.framework/Versions/A/Ink
0x0000000034d52000 	/System/Library/PrivateFrameworks/TextureIO.framework/Versions/A/TextureIO
0x0000000034d52000 	/System/Library/Frameworks/Metal.framework/Versions/A/Metal
0x0000000034d52000 	/usr/lib/libate.dylib
0x0000000034d52000 	/System/Library/PrivateFrameworks/GPUCompiler.framework/libmetal_timestamp.dylib
0x0000000034d52000 	/System/Library/Frameworks/OpenGL.framework/Versions/A/Libraries/libCoreFSCache.dylib
0x0000000034d52000 	/System/Library/PrivateFrameworks/IOAccelerator.framework/Versions/A/IOAccelerator
0x0000000034d52000 	/System/Library/Frameworks/CoreVideo.framework/Versions/A/CoreVideo
0x0000000034d52000 	/usr/lib/libFosl_dynamic.dylib
0x0000000034d52000 	/System/Library/PrivateFrameworks/MetalPerformanceShaders.framework/Versions/A/MetalPerformanceShaders
0x0000000034d52000 	/System/Library/PrivateFrameworks/FaceCore.framework/Versions/A/FaceCore
0x0000000034d52000 	/System/Library/Frameworks/OpenCL.framework/Versions/A/OpenCL
0x0000000034d52000 	/System/Library/Frameworks/OpenGL.framework/Versions/A/Libraries/libGLU.dylib
0x0000000034d52000 	/System/Library/Frameworks/OpenGL.framework/Versions/A/Libraries/libGFXShared.dylib
0x0000000034d52000 	/System/Library/Frameworks/OpenGL.framework/Versions/A/Libraries/libGL.dylib
0x0000000034d52000 	/System/Library/Frameworks/OpenGL.framework/Versions/A/Libraries/libGLImage.dylib
0x0000000034d52000 	/System/Library/Frameworks/OpenGL.framework/Versions/A/Libraries/libCVMSPluginSupport.dylib
0x0000000034d52000 	/System/Library/Frameworks/OpenGL.framework/Versions/A/Libraries/libCoreVMClient.dylib
0x0000000034d52000 	/System/Library/PrivateFrameworks/CrashReporterSupport.framework/Versions/A/CrashReporterSupport
0x0000000034d52000 	/System/Library/PrivateFrameworks/Sharing.framework/Versions/A/Sharing
0x0000000034d52000 	/System/Library/PrivateFrameworks/IconServices.framework/Versions/A/IconServices
0x0000000034d52000 	/System/Library/PrivateFrameworks/ProtocolBuffer.framework/Versions/A/ProtocolBuffer
0x0000000034d52000 	/System/Library/PrivateFrameworks/Apple80211.framework/Versions/A/Apple80211
0x0000000034d52000 	/System/Library/Frameworks/CoreWLAN.framework/Versions/A/CoreWLAN
0x0000000034d52000 	/System/Library/PrivateFrameworks/CoreUtils.framework/Versions/A/CoreUtils
0x0000000034d52000 	/System/Library/Frameworks/IOBluetooth.framework/Versions/A/IOBluetooth
0x0000000034d52000 	/System/Library/PrivateFrameworks/CoreWiFi.framework/Versions/A/CoreWiFi
0x0000000034d52000 	/System/Library/Frameworks/CoreBluetooth.framework/Versions/A/CoreBluetooth
0x0000000034d52000 	/System/Library/Frameworks/CoreDisplay.framework/Versions/A/CoreDisplay
0x0000000034d52000 	/System/Library/PrivateFrameworks/IOPresentment.framework/Versions/A/IOPresentment
0x0000000034d52000 	/System/Library/PrivateFrameworks/DSExternalDisplay.framework/Versions/A/DSExternalDisplay
0x0000000034d52000 	/System/Library/PrivateFrameworks/DebugSymbols.framework/Versions/A/DebugSymbols
0x0000000034d52000 	/System/Library/PrivateFrameworks/CoreSymbolication.framework/Versions/A/CoreSymbolication
0x0000000034d52000 	/System/Library/PrivateFrameworks/Symbolication.framework/Versions/A/Symbolication
0x0000000034d52000 	/System/Library/PrivateFrameworks/AppleFSCompression.framework/Versions/A/AppleFSCompression
0x0000000034d52000 	/System/Library/PrivateFrameworks/SpeechRecognitionCore.framework/Versions/A/SpeechRecognitionCore
0x0000000034d52000 	/System/Library/PrivateFrameworks/ChunkingLibrary.framework/Versions/A/ChunkingLibrary
0x0000000105a00000 	/Library/Java/JavaVirtualMachines/jdk1.8.0_101.jdk/Contents/Home/jre/lib/server/libjvm.dylib
0x0000000034d52000 	/usr/lib/libstdc++.6.dylib
0x000000010514d000 	/Library/Java/JavaVirtualMachines/jdk1.8.0_101.jdk/Contents/Home/jre/lib/libverify.dylib
0x000000010515b000 	/Library/Java/JavaVirtualMachines/jdk1.8.0_101.jdk/Contents/Home/jre/lib/libjava.dylib
0x000000010519a000 	/Library/Java/JavaVirtualMachines/jdk1.8.0_101.jdk/Contents/Home/jre/lib/libzip.dylib
0x000000010d2b0000 	/System/Library/Frameworks/JavaVM.framework/Frameworks/JavaRuntimeSupport.framework/JavaRuntimeSupport
0x000000010d2ca000 	/System/Library/Frameworks/JavaVM.framework/Versions/A/Frameworks/JavaNativeFoundation.framework/Versions/A/JavaNativeFoundation
0x000000010d2df000 	/System/Library/Frameworks/JavaVM.framework/Versions/A/JavaVM
0x0000000034d52000 	/System/Library/Frameworks/Carbon.framework/Versions/A/Carbon
0x00000001051f4000 	/System/Library/PrivateFrameworks/JavaLaunching.framework/Versions/A/JavaLaunching
0x0000000034d52000 	/System/Library/Frameworks/Carbon.framework/Versions/A/Frameworks/CommonPanels.framework/Versions/A/CommonPanels
0x0000000034d52000 	/System/Library/Frameworks/Carbon.framework/Versions/A/Frameworks/Help.framework/Versions/A/Help
0x0000000034d52000 	/System/Library/Frameworks/Carbon.framework/Versions/A/Frameworks/ImageCapture.framework/Versions/A/ImageCapture
0x0000000034d52000 	/System/Library/Frameworks/Carbon.framework/Versions/A/Frameworks/OpenScripting.framework/Versions/A/OpenScripting
0x0000000034d52000 	/System/Library/Frameworks/Carbon.framework/Versions/A/Frameworks/Print.framework/Versions/A/Print
0x0000000034d52000 	/System/Library/Frameworks/Carbon.framework/Versions/A/Frameworks/SecurityHI.framework/Versions/A/SecurityHI
0x000000010ed36000 	/Library/Java/JavaVirtualMachines/jdk1.8.0_101.jdk/Contents/Home/jre/lib/libnet.dylib
0x000000010ed4d000 	/Library/Java/JavaVirtualMachines/jdk1.8.0_101.jdk/Contents/Home/jre/lib/libnio.dylib
0x000000010f2f3000 	/Library/Java/JavaVirtualMachines/jdk1.8.0_101.jdk/Contents/Home/jre/lib/libmanagement.dylib

VM Arguments:
jvm_args: -Dclassworlds.conf=/Users/lixin/Sdk/apache-maven-3.3.9/bin/m2.conf -Dmaven.home=/Users/lixin/Sdk/apache-maven-3.3.9 -Dmaven.multiModuleProjectDirectory=/Users/lixin/repo/hlhs/backend 
java_command: org.codehaus.plexus.classworlds.launcher.Launcher tomcat7:run
java_class_path (initial): /Users/lixin/Sdk/apache-maven-3.3.9/boot/plexus-classworlds-2.5.2.jar
Launcher Type: SUN_STANDARD

Environment Variables:
JAVA_HOME=/Library/Java/JavaVirtualMachines/jdk1.8.0_101.jdk/Contents/Home
PATH=/Users/lixin/Sdk/google-cloud-sdk/bin:/usr/local/bin:/usr/local/opt/coreutils/libexec/gnubin:/usr/bin:/bin:/usr/sbin:/sbin:/usr/local/bin:/Users/lixin/Bin:/Users/lixin/Sdk/apache-maven-3.3.9/bin:/usr/local/sbin:/usr/local/mysql/bin:/Users/lixin/Library/Android/sdk/platform-tools:/Users/lixin/Library/Android/sdk/tools
SHELL=/bin/bash

Signal Handlers:
SIGSEGV: [libjvm.dylib+0x5af145], sa_mask[0]=11111111011111110111111111111111, sa_flags=SA_ONSTACK|SA_RESTART|SA_SIGINFO
SIGBUS: [libjvm.dylib+0x5af145], sa_mask[0]=11111111011111110111111111111111, sa_flags=SA_RESTART|SA_SIGINFO
SIGFPE: [libjvm.dylib+0x48694c], sa_mask[0]=11111111011111110111111111111111, sa_flags=SA_RESTART|SA_SIGINFO
SIGPIPE: [libjvm.dylib+0x48694c], sa_mask[0]=11111111011111110111111111111111, sa_flags=SA_RESTART|SA_SIGINFO
SIGXFSZ: [libjvm.dylib+0x48694c], sa_mask[0]=11111111011111110111111111111111, sa_flags=SA_RESTART|SA_SIGINFO
SIGILL: [libjvm.dylib+0x48694c], sa_mask[0]=11111111011111110111111111111111, sa_flags=SA_RESTART|SA_SIGINFO
SIGUSR1: SIG_DFL, sa_mask[0]=11011111011111100000000111000110, sa_flags=none
SIGUSR2: [libjvm.dylib+0x48646a], sa_mask[0]=00000000000000000000000000000000, sa_flags=SA_RESTART|SA_SIGINFO
SIGHUP: [libjvm.dylib+0x484a41], sa_mask[0]=11111111011111110111111111111111, sa_flags=SA_RESTART|SA_SIGINFO
SIGINT: [libjvm.dylib+0x484a41], sa_mask[0]=11111111011111110111111111111111, sa_flags=SA_RESTART|SA_SIGINFO
SIGTERM: [libjvm.dylib+0x484a41], sa_mask[0]=11111111011111110111111111111111, sa_flags=SA_RESTART|SA_SIGINFO
SIGQUIT: [libjvm.dylib+0x484a41], sa_mask[0]=11111111011111110111111111111111, sa_flags=SA_RESTART|SA_SIGINFO


---------------  S Y S T E M  ---------------

OS:Bsduname:Darwin 16.7.0 Darwin Kernel Version 16.7.0: Thu Jun 15 17:36:27 PDT 2017; root:xnu-3789.70.16~2/RELEASE_X86_64 x86_64
rlimit: STACK 8192k, CORE 0k, NPROC 709, NOFILE 10240, AS infinity
load average:3.27 2.86 2.82

CPU:total 4 (2 cores per cpu, 2 threads per core) family 6 model 58 stepping 9, cmov, cx8, fxsr, mmx, sse, sse2, sse3, ssse3, sse4.1, sse4.2, popcnt, avx, aes, clmul, erms, ht, tsc, tscinvbit, tscinv

Memory: 4k page, physical 8388608k(487464k free)

/proc/meminfo:


vm_info: Java HotSpot(TM) 64-Bit Server VM (25.101-b13) for bsd-amd64 JRE (1.8.0_101-b13), built on Jun 22 2016 02:42:15 by "java_re" with gcc 4.2.1 (Based on Apple Inc. build 5658) (LLVM build 2336.11.00)

time: Mon Jul 31 09:56:15 2017
elapsed time: 61660 seconds (0d 17h 7m 40s)

